
SQL*Loader: Release 11.2.0.2.0 - Production on Lun May 17 05:13:10 2021

Copyright (c) 1982, 2009, Oracle and/or its affiliates.  All rights reserved.

Control File:   C:\Users\ORA_bases\dbbook\control\certified.ctl
Data File:      C:\Users\ORA_bases\dbbook\data\certified.txt
  Bad File:     C:\Users\ORA_bases\dbbook\bad\certified.bad
  Discard File: C:\Users\ORA_bases\dbbook\discard\certified.txt 
 (Allow all discards)

Number to load: ALL
Number to skip: 0
Errors allowed: 50
Bind array:     64 rows, maximum of 256000 bytes
Continuation:    none specified
Path used:      Conventional

Table CERTIFIED, loaded from every logical record.
Insert option in effect for this table: REPLACE

   Column Name                  Position   Len  Term Encl Datatype
------------------------------ ---------- ----- ---- ---- ---------------------
EID                                 FIRST     *   ,       CHARACTER            
AID                                  NEXT     *   ,       CHARACTER            


Table CERTIFIED:
  69 Rows successfully loaded.
  0 Rows not loaded due to data errors.
  0 Rows not loaded because all WHEN clauses were failed.
  0 Rows not loaded because all fields were null.


Space allocated for bind array:                  33024 bytes(64 rows)
Read   buffer bytes: 1048576

Total logical records skipped:          0
Total logical records read:            69
Total logical records rejected:         0
Total logical records discarded:        0

Run began on Lun May 17 05:13:10 2021
Run ended on Lun May 17 05:13:10 2021

Elapsed time was:     00:00:00.13
CPU time was:         00:00:00.09
