
SQL*Loader: Release 11.2.0.2.0 - Production on Lun May 17 05:13:05 2021

Copyright (c) 1982, 2009, Oracle and/or its affiliates.  All rights reserved.

Control File:   C:\Users\ORA_bases\dbbook\control\emp.ctl
Data File:      C:\Users\ORA_bases\dbbook\data\emp.txt
  Bad File:     C:\Users\ORA_bases\dbbook\bad\emp.bad
  Discard File: C:\Users\ORA_bases\dbbook\discard\emp.txt 
 (Allow all discards)

Number to load: ALL
Number to skip: 0
Errors allowed: 50
Bind array:     64 rows, maximum of 256000 bytes
Continuation:    none specified
Path used:      Conventional

Table EMP, loaded from every logical record.
Insert option in effect for this table: REPLACE

   Column Name                  Position   Len  Term Encl Datatype
------------------------------ ---------- ----- ---- ---- ---------------------
EID                                 FIRST     *   ,       CHARACTER            
ENAME                                NEXT     *   ,       CHARACTER            
AGE                                  NEXT     *   ,       CHARACTER            
SALARY                               NEXT     *   ,       CHARACTER            


Table EMP:
  59 Rows successfully loaded.
  0 Rows not loaded due to data errors.
  0 Rows not loaded because all WHEN clauses were failed.
  0 Rows not loaded because all fields were null.


Space allocated for bind array:                  66048 bytes(64 rows)
Read   buffer bytes: 1048576

Total logical records skipped:          0
Total logical records read:            59
Total logical records rejected:         0
Total logical records discarded:        0

Run began on Lun May 17 05:13:05 2021
Run ended on Lun May 17 05:13:06 2021

Elapsed time was:     00:00:00.14
CPU time was:         00:00:00.08
