
SQL*Loader: Release 11.2.0.2.0 - Production on Mié Dec 20 09:13:59 2017

Copyright (c) 1982, 2009, Oracle and/or its affiliates.  All rights reserved.

Control File:   C:\Users\Admin\Documents\BASES_ARGENTINA\dbbook\data\catalog.ctl
Data File:      C:\Users\Admin\Documents\BASES_ARGENTINA\dbbook\data\catalog.txt
  Bad File:     C:\Users\Admin\Documents\BASES_ARGENTINA\dbbook\data\catalog.bad
  Discard File:  none specified
 
 (Allow all discards)

Number to load: ALL
Number to skip: 0
Errors allowed: 50
Bind array:     64 rows, maximum of 256000 bytes
Continuation:    none specified
Path used:      Conventional

Table CATALOG, loaded from every logical record.
Insert option in effect for this table: REPLACE

   Column Name                  Position   Len  Term Encl Datatype
------------------------------ ---------- ----- ---- ---- ---------------------
SID                                 FIRST     *   ,       CHARACTER            
PID                                  NEXT     *   ,       CHARACTER            
COST                                 NEXT     *   ,       CHARACTER            


Table CATALOG:
  17 Rows successfully loaded.
  0 Rows not loaded due to data errors.
  0 Rows not loaded because all WHEN clauses were failed.
  0 Rows not loaded because all fields were null.


Space allocated for bind array:                  49536 bytes(64 rows)
Read   buffer bytes: 1048576

Total logical records skipped:          0
Total logical records read:            17
Total logical records rejected:         0
Total logical records discarded:        0

Run began on Mié Dec 20 09:13:59 2017
Run ended on Mié Dec 20 09:13:59 2017

Elapsed time was:     00:00:00.09
CPU time was:         00:00:00.05
