
SQL*Loader: Release 11.2.0.2.0 - Production on Mié Dec 20 09:13:57 2017

Copyright (c) 1982, 2009, Oracle and/or its affiliates.  All rights reserved.

Control File:   C:\Users\Admin\Documents\BASES_ARGENTINA\dbbook\data\enrolled.ctl
Data File:      C:\Users\Admin\Documents\BASES_ARGENTINA\dbbook\data\enrolled.txt
  Bad File:     C:\Users\Admin\Documents\BASES_ARGENTINA\dbbook\data\enrolled.bad
  Discard File:  none specified
 
 (Allow all discards)

Number to load: ALL
Number to skip: 0
Errors allowed: 50
Bind array:     64 rows, maximum of 256000 bytes
Continuation:    none specified
Path used:      Conventional

Table ENROLLED, loaded from every logical record.
Insert option in effect for this table: REPLACE

   Column Name                  Position   Len  Term Encl Datatype
------------------------------ ---------- ----- ---- ---- ---------------------
SNUM                                FIRST     *   ,       CHARACTER            
CNAME                                NEXT     *   ,       CHARACTER            


Table ENROLLED:
  21 Rows successfully loaded.
  0 Rows not loaded due to data errors.
  0 Rows not loaded because all WHEN clauses were failed.
  0 Rows not loaded because all fields were null.


Space allocated for bind array:                  33024 bytes(64 rows)
Read   buffer bytes: 1048576

Total logical records skipped:          0
Total logical records read:            21
Total logical records rejected:         0
Total logical records discarded:        0

Run began on Mié Dec 20 09:13:57 2017
Run ended on Mié Dec 20 09:13:57 2017

Elapsed time was:     00:00:00.10
CPU time was:         00:00:00.01
